<?xml version="1.0" encoding="utf-8"?><testsuites name="pytest tests"><testsuite name="pytest" errors="0" failures="0" skipped="0" tests="20" time="6.342" timestamp="2026-07-07T16:43:39.683260+00:00" hostname="agent-env-a95fe366-2775-4b84-a5e9-fac903a707d4"><testcase classname="tests.backend_test.TestAuth" name="test_unauth_me_returns_401" time="0.288" /><testcase classname="tests.backend_test.TestAuth" name="test_login_seeded_alice" time="0.479" /><testcase classname="tests.backend_test.TestProjects" name="test_list_seeded_projects" time="0.770" /><testcase classname="tests.backend_test.TestAuth" name="test_login_invalid_password" time="0.371" /><testcase classname="tests.backend_test.TestProjects" name="test_create_project_and_appears_in_list" time="0.397" /><testcase classname="tests.backend_test.TestAuth" name="test_register_new_edu_user_auto_verified" time="0.581" /><testcase classname="tests.backend_test.TestProjects" name="test_join_other_project" time="0.681" /><testcase classname="tests.backend_test.TestAuth" name="test_register_duplicate_email" time="0.106" /><testcase classname="tests.backend_test.TestAuth" name="test_logout_clears_cookie" time="0.708" /><testcase classname="tests.backend_test.TestForum" name="test_list_forum" time="0.049" /><testcase classname="tests.backend_test.TestForum" name="test_upvote_increments" time="0.688" /><testcase classname="tests.backend_test.TestForum" name="test_create_post_and_comment" time="0.373" /><testcase classname="tests.backend_test.TestStudents" name="test_list_students_excludes_self" time="0.468" /><testcase classname="tests.backend_test.TestMessages" name="test_send_and_fetch_message" time="0.453" /><testcase classname="tests.backend_test.TestStudents" name="test_endorse_increments" time="0.553" /><testcase classname="tests.backend_test.TestMessages" name="test_conversations_lists_partner" time="0.057" /><testcase classname="tests.backend_test.TestMatch" name="test_ai_match_returns_ranked_results" time="2.205" /><testcase classname="tests.backend_test.TestProfile" name="test_update_profile_persists" time="0.246" /><testcase classname="tests.backend_test.TestOpportunities" name="test_list_seeded_opps" time="0.049" /><testcase classname="tests.backend_test.TestDashboard" name="test_dashboard_shape" time="0.050" /></testsuite></testsuites>